<?xml version="1.0" encoding="UTF-8"?>
<!-- Generated by org.testng.reporters.JUnitXMLReporter -->
<testsuite hostname="DESKTOP-MFIQF9V" ignored="2" name="Default test" tests="4" failures="0" timestamp="11 Jul 2020 14:00:30 GMT" time="69.445" errors="0">
  <testcase name="createNewContactTest" time="11.909" classname="com.qa.marcis.tests.ContactsPageTest"/>
  <testcase name="createNewContactTest" time="10.267" classname="com.qa.marcis.tests.ContactsPageTest"/>
  <testcase name="createNewContactTest" time="9.85" classname="com.qa.marcis.tests.ContactsPageTest"/>
  <testcase name="createNewContactTest" time="9.708" classname="com.qa.marcis.tests.ContactsPageTest"/>
  <testcase name="verifyContactsPageHeaderTest" time="0.0" classname="com.qa.marcis.tests.ContactsPageTest">
    <ignored/>
  </testcase> <!-- verifyContactsPageHeaderTest -->
  <testcase name="verifyContactsPageTest" time="0.0" classname="com.qa.marcis.tests.ContactsPageTest">
    <ignored/>
  </testcase> <!-- verifyContactsPageTest -->
</testsuite> <!-- Default test -->
